{"C:\\Users\\mdmud\\Desktop\\NodeJS\\index.js": {"path":"C:\\Users\\mdmud\\Desktop\\NodeJS\\index.js","statementMap":{"0":{"start":{"line":1,"column":16},"end":{"line":1,"column":34}},"1":{"start":{"line":2,"column":16},"end":{"line":2,"column":34}},"2":{"start":{"line":3,"column":12},"end":{"line":3,"column":21}},"3":{"start":{"line":5,"column":0},"end":{"line":5,"column":32}},"4":{"start":{"line":6,"column":0},"end":{"line":6,"column":34}},"5":{"start":{"line":7,"column":0},"end":{"line":7,"column":27}},"6":{"start":{"line":8,"column":0},"end":{"line":8,"column":31}},"7":{"start":{"line":9,"column":0},"end":{"line":9,"column":35}},"8":{"start":{"line":11,"column":13},"end":{"line":11,"column":37}},"9":{"start":{"line":13,"column":15},"end":{"line":13,"column":85}},"10":{"start":{"line":13,"column":38},"end":{"line":13,"column":84}},"11":{"start":{"line":15,"column":0},"end":{"line":15,"column":24}}},"fnMap":{"0":{"name":"(anonymous_0)","decl":{"start":{"line":13,"column":32},"end":{"line":13,"column":33}},"loc":{"start":{"line":13,"column":38},"end":{"line":13,"column":84}},"line":13}},"branchMap":{"0":{"loc":{"start":{"line":11,"column":13},"end":{"line":11,"column":37}},"type":"binary-expr","locations":[{"start":{"line":11,"column":13},"end":{"line":11,"column":29}},{"start":{"line":11,"column":33},"end":{"line":11,"column":37}}],"line":11}},"s":{"0":3,"1":3,"2":3,"3":3,"4":3,"5":3,"6":3,"7":3,"8":3,"9":3,"10":3,"11":3},"f":{"0":3},"b":{"0":[3,3]},"_coverageSchema":"1a1c01bbd47fc00a2c39e90264f33305004495a9","hash":"579f846556689f23ce1adeddff9d585c8302cd2d"}
,"C:\\Users\\mdmud\\Desktop\\NodeJS\\middleware\\admin.js": {"path":"C:\\Users\\mdmud\\Desktop\\NodeJS\\middleware\\admin.js","statementMap":{"0":{"start":{"line":1,"column":0},"end":{"line":4,"column":1}},"1":{"start":{"line":2,"column":4},"end":{"line":2,"column":71}},"2":{"start":{"line":2,"column":26},"end":{"line":2,"column":71}},"3":{"start":{"line":3,"column":4},"end":{"line":3,"column":11}}},"fnMap":{"0":{"name":"(anonymous_0)","decl":{"start":{"line":1,"column":17},"end":{"line":1,"column":18}},"loc":{"start":{"line":1,"column":43},"end":{"line":4,"column":1}},"line":1}},"branchMap":{"0":{"loc":{"start":{"line":2,"column":4},"end":{"line":2,"column":71}},"type":"if","locations":[{"start":{"line":2,"column":4},"end":{"line":2,"column":71}},{"start":{"line":2,"column":4},"end":{"line":2,"column":71}}],"line":2}},"s":{"0":3,"1":1,"2":1,"3":0},"f":{"0":1},"b":{"0":[1,0]},"_coverageSchema":"1a1c01bbd47fc00a2c39e90264f33305004495a9","hash":"30d9195a2802ee31f4056eb9f1da1521961c0a08"}
,"C:\\Users\\mdmud\\Desktop\\NodeJS\\middleware\\auth.js": {"path":"C:\\Users\\mdmud\\Desktop\\NodeJS\\middleware\\auth.js","statementMap":{"0":{"start":{"line":1,"column":12},"end":{"line":1,"column":35}},"1":{"start":{"line":2,"column":15},"end":{"line":2,"column":32}},"2":{"start":{"line":4,"column":0},"end":{"line":15,"column":1}},"3":{"start":{"line":5,"column":18},"end":{"line":5,"column":44}},"4":{"start":{"line":6,"column":4},"end":{"line":6,"column":60}},"5":{"start":{"line":6,"column":15},"end":{"line":6,"column":60}},"6":{"start":{"line":8,"column":4},"end":{"line":14,"column":5}},"7":{"start":{"line":9,"column":23},"end":{"line":9,"column":70}},"8":{"start":{"line":10,"column":8},"end":{"line":10,"column":26}},"9":{"start":{"line":11,"column":8},"end":{"line":11,"column":15}},"10":{"start":{"line":13,"column":8},"end":{"line":13,"column":44}}},"fnMap":{"0":{"name":"(anonymous_0)","decl":{"start":{"line":4,"column":17},"end":{"line":4,"column":18}},"loc":{"start":{"line":4,"column":45},"end":{"line":15,"column":1}},"line":4}},"branchMap":{"0":{"loc":{"start":{"line":6,"column":4},"end":{"line":6,"column":60}},"type":"if","locations":[{"start":{"line":6,"column":4},"end":{"line":6,"column":60}},{"start":{"line":6,"column":4},"end":{"line":6,"column":60}}],"line":6}},"s":{"0":3,"1":3,"2":3,"3":17,"4":17,"5":2,"6":15,"7":15,"8":14,"9":14,"10":1},"f":{"0":17},"b":{"0":[2,15]},"_coverageSchema":"1a1c01bbd47fc00a2c39e90264f33305004495a9","hash":"c35a3e2b9c506a70d6d36c63ad7869add26fa095"}
,"C:\\Users\\mdmud\\Desktop\\NodeJS\\middleware\\error.js": {"path":"C:\\Users\\mdmud\\Desktop\\NodeJS\\middleware\\error.js","statementMap":{"0":{"start":{"line":1,"column":16},"end":{"line":1,"column":34}},"1":{"start":{"line":3,"column":0},"end":{"line":6,"column":1}},"2":{"start":{"line":4,"column":4},"end":{"line":4,"column":36}},"3":{"start":{"line":5,"column":4},"end":{"line":5,"column":41}}},"fnMap":{"0":{"name":"(anonymous_0)","decl":{"start":{"line":3,"column":17},"end":{"line":3,"column":18}},"loc":{"start":{"line":3,"column":48},"end":{"line":6,"column":1}},"line":3}},"branchMap":{},"s":{"0":3,"1":3,"2":1,"3":1},"f":{"0":1},"b":{},"_coverageSchema":"1a1c01bbd47fc00a2c39e90264f33305004495a9","hash":"0fa593181def1a85c96b61c444aa2ac5be76598d"}
,"C:\\Users\\mdmud\\Desktop\\NodeJS\\middleware\\validate.js": {"path":"C:\\Users\\mdmud\\Desktop\\NodeJS\\middleware\\validate.js","statementMap":{"0":{"start":{"line":3,"column":0},"end":{"line":9,"column":1}},"1":{"start":{"line":4,"column":4},"end":{"line":8,"column":5}},"2":{"start":{"line":5,"column":26},"end":{"line":5,"column":45}},"3":{"start":{"line":6,"column":8},"end":{"line":6,"column":73}},"4":{"start":{"line":6,"column":19},"end":{"line":6,"column":73}},"5":{"start":{"line":7,"column":8},"end":{"line":7,"column":15}}},"fnMap":{"0":{"name":"(anonymous_0)","decl":{"start":{"line":3,"column":17},"end":{"line":3,"column":18}},"loc":{"start":{"line":3,"column":32},"end":{"line":9,"column":1}},"line":3},"1":{"name":"(anonymous_1)","decl":{"start":{"line":4,"column":11},"end":{"line":4,"column":12}},"loc":{"start":{"line":4,"column":31},"end":{"line":8,"column":5}},"line":4}},"branchMap":{"0":{"loc":{"start":{"line":6,"column":8},"end":{"line":6,"column":73}},"type":"if","locations":[{"start":{"line":6,"column":8},"end":{"line":6,"column":73}},{"start":{"line":6,"column":8},"end":{"line":6,"column":73}}],"line":6}},"s":{"0":3,"1":6,"2":9,"3":9,"4":3,"5":6},"f":{"0":6,"1":9},"b":{"0":[3,6]},"_coverageSchema":"1a1c01bbd47fc00a2c39e90264f33305004495a9","hash":"a8a9b957706f22e8908f68e30947686dcff18116"}
,"C:\\Users\\mdmud\\Desktop\\NodeJS\\middleware\\validateObjectId.js": {"path":"C:\\Users\\mdmud\\Desktop\\NodeJS\\middleware\\validateObjectId.js","statementMap":{"0":{"start":{"line":1,"column":17},"end":{"line":1,"column":36}},"1":{"start":{"line":3,"column":0},"end":{"line":6,"column":1}},"2":{"start":{"line":4,"column":4},"end":{"line":4,"column":98}},"3":{"start":{"line":4,"column":56},"end":{"line":4,"column":98}},"4":{"start":{"line":5,"column":4},"end":{"line":5,"column":11}}},"fnMap":{"0":{"name":"(anonymous_0)","decl":{"start":{"line":3,"column":17},"end":{"line":3,"column":18}},"loc":{"start":{"line":3,"column":45},"end":{"line":6,"column":1}},"line":3}},"branchMap":{"0":{"loc":{"start":{"line":4,"column":4},"end":{"line":4,"column":98}},"type":"if","locations":[{"start":{"line":4,"column":4},"end":{"line":4,"column":98}},{"start":{"line":4,"column":4},"end":{"line":4,"column":98}}],"line":4}},"s":{"0":3,"1":3,"2":3,"3":1,"4":2},"f":{"0":3},"b":{"0":[1,2]},"_coverageSchema":"1a1c01bbd47fc00a2c39e90264f33305004495a9","hash":"57eafd04da3e630a1d7c82510640c4bdd62204f4"}
,"C:\\Users\\mdmud\\Desktop\\NodeJS\\models\\Movie.js": {"path":"C:\\Users\\mdmud\\Desktop\\NodeJS\\models\\Movie.js","statementMap":{"0":{"start":{"line":1,"column":17},"end":{"line":1,"column":36}},"1":{"start":{"line":2,"column":12},"end":{"line":2,"column":32}},"2":{"start":{"line":4,"column":24},"end":{"line":4,"column":42}},"3":{"start":{"line":5,"column":21},"end":{"line":5,"column":41}},"4":{"start":{"line":7,"column":14},"end":{"line":31,"column":3}},"5":{"start":{"line":34,"column":19},"end":{"line":39,"column":6}},"6":{"start":{"line":40,"column":4},"end":{"line":40,"column":34}},"7":{"start":{"line":43,"column":2},"end":{"line":43,"column":24}},"8":{"start":{"line":44,"column":2},"end":{"line":44,"column":30}}},"fnMap":{"0":{"name":"validate","decl":{"start":{"line":33,"column":9},"end":{"line":33,"column":17}},"loc":{"start":{"line":33,"column":25},"end":{"line":41,"column":3}},"line":33}},"branchMap":{},"s":{"0":3,"1":3,"2":3,"3":3,"4":3,"5":0,"6":0,"7":3,"8":3},"f":{"0":0},"b":{},"_coverageSchema":"1a1c01bbd47fc00a2c39e90264f33305004495a9","hash":"3c5ccc5f35e89e68f8d658a2582bbcc3b076f437"}
,"C:\\Users\\mdmud\\Desktop\\NodeJS\\models\\customer.js": {"path":"C:\\Users\\mdmud\\Desktop\\NodeJS\\models\\customer.js","statementMap":{"0":{"start":{"line":1,"column":17},"end":{"line":1,"column":36}},"1":{"start":{"line":2,"column":12},"end":{"line":2,"column":32}},"2":{"start":{"line":5,"column":23},"end":{"line":23,"column":4}},"3":{"start":{"line":25,"column":19},"end":{"line":25,"column":61}},"4":{"start":{"line":28,"column":19},"end":{"line":31,"column":6}},"5":{"start":{"line":32,"column":4},"end":{"line":32,"column":37}},"6":{"start":{"line":35,"column":2},"end":{"line":35,"column":30}},"7":{"start":{"line":36,"column":2},"end":{"line":36,"column":30}}},"fnMap":{"0":{"name":"validate","decl":{"start":{"line":27,"column":11},"end":{"line":27,"column":19}},"loc":{"start":{"line":27,"column":30},"end":{"line":33,"column":3}},"line":27}},"branchMap":{},"s":{"0":3,"1":3,"2":3,"3":3,"4":0,"5":0,"6":3,"7":3},"f":{"0":0},"b":{},"_coverageSchema":"1a1c01bbd47fc00a2c39e90264f33305004495a9","hash":"cde94d5b152cdc70439aa124b61776e208219ef4"}
,"C:\\Users\\mdmud\\Desktop\\NodeJS\\models\\genre.js": {"path":"C:\\Users\\mdmud\\Desktop\\NodeJS\\models\\genre.js","statementMap":{"0":{"start":{"line":1,"column":17},"end":{"line":1,"column":36}},"1":{"start":{"line":2,"column":12},"end":{"line":2,"column":32}},"2":{"start":{"line":4,"column":22},"end":{"line":11,"column":4}},"3":{"start":{"line":13,"column":16},"end":{"line":13,"column":52}},"4":{"start":{"line":16,"column":19},"end":{"line":18,"column":6}},"5":{"start":{"line":19,"column":4},"end":{"line":19,"column":35}},"6":{"start":{"line":22,"column":2},"end":{"line":22,"column":36}},"7":{"start":{"line":23,"column":2},"end":{"line":23,"column":24}},"8":{"start":{"line":24,"column":2},"end":{"line":24,"column":30}}},"fnMap":{"0":{"name":"validate","decl":{"start":{"line":15,"column":11},"end":{"line":15,"column":19}},"loc":{"start":{"line":15,"column":28},"end":{"line":20,"column":3}},"line":15}},"branchMap":{},"s":{"0":3,"1":3,"2":3,"3":3,"4":9,"5":9,"6":3,"7":3,"8":3},"f":{"0":9},"b":{},"_coverageSchema":"1a1c01bbd47fc00a2c39e90264f33305004495a9","hash":"8fc2f06a1ce9f6ab9662c7a200d25296544ee80a"}
,"C:\\Users\\mdmud\\Desktop\\NodeJS\\models\\rental.js": {"path":"C:\\Users\\mdmud\\Desktop\\NodeJS\\models\\rental.js","statementMap":{"0":{"start":{"line":1,"column":17},"end":{"line":1,"column":36}},"1":{"start":{"line":2,"column":12},"end":{"line":2,"column":32}},"2":{"start":{"line":3,"column":15},"end":{"line":3,"column":32}},"3":{"start":{"line":5,"column":21},"end":{"line":57,"column":2}},"4":{"start":{"line":59,"column":0},"end":{"line":64,"column":1}},"5":{"start":{"line":60,"column":4},"end":{"line":63,"column":7}},"6":{"start":{"line":66,"column":0},"end":{"line":70,"column":1}},"7":{"start":{"line":67,"column":4},"end":{"line":67,"column":35}},"8":{"start":{"line":69,"column":4},"end":{"line":69,"column":87}},"9":{"start":{"line":72,"column":15},"end":{"line":72,"column":53}},"10":{"start":{"line":75,"column":19},"end":{"line":78,"column":6}},"11":{"start":{"line":79,"column":4},"end":{"line":79,"column":35}},"12":{"start":{"line":82,"column":0},"end":{"line":82,"column":24}},"13":{"start":{"line":83,"column":0},"end":{"line":83,"column":28}}},"fnMap":{"0":{"name":"(anonymous_0)","decl":{"start":{"line":59,"column":30},"end":{"line":59,"column":31}},"loc":{"start":{"line":59,"column":62},"end":{"line":64,"column":1}},"line":59},"1":{"name":"(anonymous_1)","decl":{"start":{"line":66,"column":30},"end":{"line":66,"column":31}},"loc":{"start":{"line":66,"column":42},"end":{"line":70,"column":1}},"line":66},"2":{"name":"validate","decl":{"start":{"line":74,"column":9},"end":{"line":74,"column":17}},"loc":{"start":{"line":74,"column":26},"end":{"line":80,"column":3}},"line":74}},"branchMap":{},"s":{"0":3,"1":3,"2":3,"3":3,"4":3,"5":6,"6":3,"7":4,"8":4,"9":3,"10":0,"11":0,"12":3,"13":3},"f":{"0":6,"1":4,"2":0},"b":{},"_coverageSchema":"1a1c01bbd47fc00a2c39e90264f33305004495a9","hash":"6a7875c6ecbba5688e1a83b7a9bc50ba3ad0be92"}
,"C:\\Users\\mdmud\\Desktop\\NodeJS\\models\\user.js": {"path":"C:\\Users\\mdmud\\Desktop\\NodeJS\\models\\user.js","statementMap":{"0":{"start":{"line":1,"column":12},"end":{"line":1,"column":32}},"1":{"start":{"line":2,"column":17},"end":{"line":2,"column":36}},"2":{"start":{"line":3,"column":12},"end":{"line":3,"column":35}},"3":{"start":{"line":4,"column":14},"end":{"line":4,"column":31}},"4":{"start":{"line":6,"column":19},"end":{"line":27,"column":2}},"5":{"start":{"line":29,"column":0},"end":{"line":32,"column":1}},"6":{"start":{"line":30,"column":18},"end":{"line":30,"column":97}},"7":{"start":{"line":31,"column":4},"end":{"line":31,"column":17}},"8":{"start":{"line":34,"column":13},"end":{"line":34,"column":47}},"9":{"start":{"line":37,"column":19},"end":{"line":41,"column":6}},"10":{"start":{"line":42,"column":4},"end":{"line":42,"column":33}},"11":{"start":{"line":47,"column":0},"end":{"line":47,"column":20}},"12":{"start":{"line":48,"column":0},"end":{"line":48,"column":32}}},"fnMap":{"0":{"name":"(anonymous_0)","decl":{"start":{"line":29,"column":39},"end":{"line":29,"column":40}},"loc":{"start":{"line":29,"column":51},"end":{"line":32,"column":1}},"line":29},"1":{"name":"validateUser","decl":{"start":{"line":36,"column":9},"end":{"line":36,"column":21}},"loc":{"start":{"line":36,"column":28},"end":{"line":44,"column":1}},"line":36}},"branchMap":{},"s":{"0":4,"1":4,"2":4,"3":4,"4":4,"5":4,"6":20,"7":20,"8":4,"9":0,"10":0,"11":4,"12":4},"f":{"0":20,"1":0},"b":{},"_coverageSchema":"1a1c01bbd47fc00a2c39e90264f33305004495a9","hash":"bb62b0d033897460c9ab7b8b84f35eb736a9391a"}
,"C:\\Users\\mdmud\\Desktop\\NodeJS\\routes\\auth.js": {"path":"C:\\Users\\mdmud\\Desktop\\NodeJS\\routes\\auth.js","statementMap":{"0":{"start":{"line":1,"column":10},"end":{"line":1,"column":27}},"1":{"start":{"line":2,"column":12},"end":{"line":2,"column":32}},"2":{"start":{"line":3,"column":15},"end":{"line":3,"column":32}},"3":{"start":{"line":4,"column":17},"end":{"line":4,"column":42}},"4":{"start":{"line":5,"column":16},"end":{"line":5,"column":34}},"5":{"start":{"line":6,"column":15},"end":{"line":6,"column":31}},"6":{"start":{"line":7,"column":17},"end":{"line":7,"column":50}},"7":{"start":{"line":9,"column":0},"end":{"line":18,"column":3}},"8":{"start":{"line":10,"column":15},"end":{"line":10,"column":60}},"9":{"start":{"line":11,"column":4},"end":{"line":11,"column":74}},"10":{"start":{"line":11,"column":14},"end":{"line":11,"column":74}},"11":{"start":{"line":13,"column":26},"end":{"line":13,"column":80}},"12":{"start":{"line":14,"column":4},"end":{"line":14,"column":83}},"13":{"start":{"line":14,"column":23},"end":{"line":14,"column":83}},"14":{"start":{"line":16,"column":18},"end":{"line":16,"column":42}},"15":{"start":{"line":17,"column":4},"end":{"line":17,"column":20}},"16":{"start":{"line":21,"column":19},"end":{"line":24,"column":6}},"17":{"start":{"line":25,"column":4},"end":{"line":25,"column":32}},"18":{"start":{"line":29,"column":0},"end":{"line":29,"column":24}}},"fnMap":{"0":{"name":"(anonymous_0)","decl":{"start":{"line":9,"column":41},"end":{"line":9,"column":42}},"loc":{"start":{"line":9,"column":62},"end":{"line":18,"column":1}},"line":9},"1":{"name":"validateAuth","decl":{"start":{"line":20,"column":9},"end":{"line":20,"column":21}},"loc":{"start":{"line":20,"column":27},"end":{"line":27,"column":1}},"line":20}},"branchMap":{"0":{"loc":{"start":{"line":11,"column":4},"end":{"line":11,"column":74}},"type":"if","locations":[{"start":{"line":11,"column":4},"end":{"line":11,"column":74}},{"start":{"line":11,"column":4},"end":{"line":11,"column":74}}],"line":11},"1":{"loc":{"start":{"line":14,"column":4},"end":{"line":14,"column":83}},"type":"if","locations":[{"start":{"line":14,"column":4},"end":{"line":14,"column":83}},{"start":{"line":14,"column":4},"end":{"line":14,"column":83}}],"line":14}},"s":{"0":3,"1":3,"2":3,"3":3,"4":3,"5":3,"6":3,"7":3,"8":0,"9":0,"10":0,"11":0,"12":0,"13":0,"14":0,"15":0,"16":1,"17":1,"18":3},"f":{"0":0,"1":1},"b":{"0":[0,0],"1":[0,0]},"_coverageSchema":"1a1c01bbd47fc00a2c39e90264f33305004495a9","hash":"b1548aea0f8dd756f766103298bff1bfe8d300a7"}
,"C:\\Users\\mdmud\\Desktop\\NodeJS\\routes\\customers.js": {"path":"C:\\Users\\mdmud\\Desktop\\NodeJS\\routes\\customers.js","statementMap":{"0":{"start":{"line":1,"column":17},"end":{"line":1,"column":36}},"1":{"start":{"line":2,"column":16},"end":{"line":2,"column":34}},"2":{"start":{"line":3,"column":32},"end":{"line":3,"column":61}},"3":{"start":{"line":4,"column":15},"end":{"line":4,"column":31}},"4":{"start":{"line":6,"column":0},"end":{"line":9,"column":3}},"5":{"start":{"line":7,"column":20},"end":{"line":7,"column":54}},"6":{"start":{"line":8,"column":2},"end":{"line":8,"column":22}},"7":{"start":{"line":11,"column":0},"end":{"line":23,"column":3}},"8":{"start":{"line":12,"column":20},"end":{"line":12,"column":38}},"9":{"start":{"line":13,"column":2},"end":{"line":13,"column":67}},"10":{"start":{"line":13,"column":13},"end":{"line":13,"column":67}},"11":{"start":{"line":15,"column":17},"end":{"line":19,"column":6}},"12":{"start":{"line":20,"column":2},"end":{"line":20,"column":34}},"13":{"start":{"line":22,"column":2},"end":{"line":22,"column":21}},"14":{"start":{"line":25,"column":0},"end":{"line":34,"column":3}},"15":{"start":{"line":26,"column":20},"end":{"line":26,"column":38}},"16":{"start":{"line":27,"column":2},"end":{"line":27,"column":67}},"17":{"start":{"line":27,"column":13},"end":{"line":27,"column":67}},"18":{"start":{"line":29,"column":19},"end":{"line":29,"column":106}},"19":{"start":{"line":31,"column":2},"end":{"line":31,"column":61}},"20":{"start":{"line":31,"column":17},"end":{"line":31,"column":61}},"21":{"start":{"line":33,"column":2},"end":{"line":33,"column":21}},"22":{"start":{"line":36,"column":0},"end":{"line":42,"column":3}},"23":{"start":{"line":37,"column":19},"end":{"line":37,"column":54}},"24":{"start":{"line":39,"column":2},"end":{"line":39,"column":61}},"25":{"start":{"line":39,"column":17},"end":{"line":39,"column":61}},"26":{"start":{"line":41,"column":2},"end":{"line":41,"column":21}},"27":{"start":{"line":44,"column":0},"end":{"line":50,"column":3}},"28":{"start":{"line":45,"column":19},"end":{"line":45,"column":66}},"29":{"start":{"line":47,"column":2},"end":{"line":47,"column":61}},"30":{"start":{"line":47,"column":17},"end":{"line":47,"column":61}},"31":{"start":{"line":49,"column":2},"end":{"line":49,"column":21}},"32":{"start":{"line":53,"column":0},"end":{"line":53,"column":24}}},"fnMap":{"0":{"name":"(anonymous_0)","decl":{"start":{"line":6,"column":16},"end":{"line":6,"column":17}},"loc":{"start":{"line":6,"column":36},"end":{"line":9,"column":1}},"line":6},"1":{"name":"(anonymous_1)","decl":{"start":{"line":11,"column":17},"end":{"line":11,"column":18}},"loc":{"start":{"line":11,"column":37},"end":{"line":23,"column":1}},"line":11},"2":{"name":"(anonymous_2)","decl":{"start":{"line":25,"column":19},"end":{"line":25,"column":20}},"loc":{"start":{"line":25,"column":39},"end":{"line":34,"column":1}},"line":25},"3":{"name":"(anonymous_3)","decl":{"start":{"line":36,"column":19},"end":{"line":36,"column":20}},"loc":{"start":{"line":36,"column":39},"end":{"line":42,"column":1}},"line":36},"4":{"name":"(anonymous_4)","decl":{"start":{"line":44,"column":22},"end":{"line":44,"column":23}},"loc":{"start":{"line":44,"column":42},"end":{"line":50,"column":1}},"line":44}},"branchMap":{"0":{"loc":{"start":{"line":13,"column":2},"end":{"line":13,"column":67}},"type":"if","locations":[{"start":{"line":13,"column":2},"end":{"line":13,"column":67}},{"start":{"line":13,"column":2},"end":{"line":13,"column":67}}],"line":13},"1":{"loc":{"start":{"line":27,"column":2},"end":{"line":27,"column":67}},"type":"if","locations":[{"start":{"line":27,"column":2},"end":{"line":27,"column":67}},{"start":{"line":27,"column":2},"end":{"line":27,"column":67}}],"line":27},"2":{"loc":{"start":{"line":31,"column":2},"end":{"line":31,"column":61}},"type":"if","locations":[{"start":{"line":31,"column":2},"end":{"line":31,"column":61}},{"start":{"line":31,"column":2},"end":{"line":31,"column":61}}],"line":31},"3":{"loc":{"start":{"line":39,"column":2},"end":{"line":39,"column":61}},"type":"if","locations":[{"start":{"line":39,"column":2},"end":{"line":39,"column":61}},{"start":{"line":39,"column":2},"end":{"line":39,"column":61}}],"line":39},"4":{"loc":{"start":{"line":47,"column":2},"end":{"line":47,"column":61}},"type":"if","locations":[{"start":{"line":47,"column":2},"end":{"line":47,"column":61}},{"start":{"line":47,"column":2},"end":{"line":47,"column":61}}],"line":47}},"s":{"0":3,"1":3,"2":3,"3":3,"4":3,"5":0,"6":0,"7":3,"8":0,"9":0,"10":0,"11":0,"12":0,"13":0,"14":3,"15":0,"16":0,"17":0,"18":0,"19":0,"20":0,"21":0,"22":3,"23":0,"24":0,"25":0,"26":0,"27":3,"28":0,"29":0,"30":0,"31":0,"32":3},"f":{"0":0,"1":0,"2":0,"3":0,"4":0},"b":{"0":[0,0],"1":[0,0],"2":[0,0],"3":[0,0],"4":[0,0]},"_coverageSchema":"1a1c01bbd47fc00a2c39e90264f33305004495a9","hash":"0bbfc3fdd706e9967180513f2e5fe87705db1ad6"}
,"C:\\Users\\mdmud\\Desktop\\NodeJS\\routes\\generes.js": {"path":"C:\\Users\\mdmud\\Desktop\\NodeJS\\routes\\generes.js","statementMap":{"0":{"start":{"line":1,"column":13},"end":{"line":1,"column":42}},"1":{"start":{"line":2,"column":16},"end":{"line":2,"column":57}},"2":{"start":{"line":3,"column":16},"end":{"line":3,"column":34}},"3":{"start":{"line":4,"column":15},"end":{"line":4,"column":31}},"4":{"start":{"line":5,"column":29},"end":{"line":5,"column":55}},"5":{"start":{"line":6,"column":14},"end":{"line":6,"column":44}},"6":{"start":{"line":8,"column":0},"end":{"line":12,"column":3}},"7":{"start":{"line":10,"column":18},"end":{"line":10,"column":49}},"8":{"start":{"line":11,"column":2},"end":{"line":11,"column":20}},"9":{"start":{"line":14,"column":0},"end":{"line":22,"column":3}},"10":{"start":{"line":15,"column":20},"end":{"line":15,"column":38}},"11":{"start":{"line":16,"column":2},"end":{"line":16,"column":67}},"12":{"start":{"line":16,"column":13},"end":{"line":16,"column":67}},"13":{"start":{"line":18,"column":15},"end":{"line":18,"column":49}},"14":{"start":{"line":19,"column":2},"end":{"line":19,"column":30}},"15":{"start":{"line":21,"column":2},"end":{"line":21,"column":19}},"16":{"start":{"line":24,"column":0},"end":{"line":33,"column":3}},"17":{"start":{"line":25,"column":20},"end":{"line":25,"column":38}},"18":{"start":{"line":26,"column":2},"end":{"line":26,"column":67}},"19":{"start":{"line":26,"column":13},"end":{"line":26,"column":67}},"20":{"start":{"line":28,"column":17},"end":{"line":28,"column":100}},"21":{"start":{"line":30,"column":2},"end":{"line":30,"column":59}},"22":{"start":{"line":30,"column":15},"end":{"line":30,"column":59}},"23":{"start":{"line":32,"column":2},"end":{"line":32,"column":19}},"24":{"start":{"line":35,"column":0},"end":{"line":41,"column":3}},"25":{"start":{"line":36,"column":17},"end":{"line":36,"column":52}},"26":{"start":{"line":38,"column":2},"end":{"line":38,"column":59}},"27":{"start":{"line":38,"column":15},"end":{"line":38,"column":59}},"28":{"start":{"line":40,"column":2},"end":{"line":40,"column":19}},"29":{"start":{"line":43,"column":0},"end":{"line":49,"column":3}},"30":{"start":{"line":44,"column":17},"end":{"line":44,"column":61}},"31":{"start":{"line":46,"column":2},"end":{"line":46,"column":59}},"32":{"start":{"line":46,"column":15},"end":{"line":46,"column":59}},"33":{"start":{"line":48,"column":2},"end":{"line":48,"column":19}},"34":{"start":{"line":52,"column":0},"end":{"line":52,"column":24}}},"fnMap":{"0":{"name":"(anonymous_0)","decl":{"start":{"line":8,"column":16},"end":{"line":8,"column":17}},"loc":{"start":{"line":8,"column":36},"end":{"line":12,"column":1}},"line":8},"1":{"name":"(anonymous_1)","decl":{"start":{"line":14,"column":24},"end":{"line":14,"column":25}},"loc":{"start":{"line":14,"column":44},"end":{"line":22,"column":1}},"line":14},"2":{"name":"(anonymous_2)","decl":{"start":{"line":24,"column":19},"end":{"line":24,"column":20}},"loc":{"start":{"line":24,"column":39},"end":{"line":33,"column":1}},"line":24},"3":{"name":"(anonymous_3)","decl":{"start":{"line":35,"column":28},"end":{"line":35,"column":29}},"loc":{"start":{"line":35,"column":48},"end":{"line":41,"column":1}},"line":35},"4":{"name":"(anonymous_4)","decl":{"start":{"line":43,"column":38},"end":{"line":43,"column":39}},"loc":{"start":{"line":43,"column":58},"end":{"line":49,"column":1}},"line":43}},"branchMap":{"0":{"loc":{"start":{"line":16,"column":2},"end":{"line":16,"column":67}},"type":"if","locations":[{"start":{"line":16,"column":2},"end":{"line":16,"column":67}},{"start":{"line":16,"column":2},"end":{"line":16,"column":67}}],"line":16},"1":{"loc":{"start":{"line":26,"column":2},"end":{"line":26,"column":67}},"type":"if","locations":[{"start":{"line":26,"column":2},"end":{"line":26,"column":67}},{"start":{"line":26,"column":2},"end":{"line":26,"column":67}}],"line":26},"2":{"loc":{"start":{"line":30,"column":2},"end":{"line":30,"column":59}},"type":"if","locations":[{"start":{"line":30,"column":2},"end":{"line":30,"column":59}},{"start":{"line":30,"column":2},"end":{"line":30,"column":59}}],"line":30},"3":{"loc":{"start":{"line":38,"column":2},"end":{"line":38,"column":59}},"type":"if","locations":[{"start":{"line":38,"column":2},"end":{"line":38,"column":59}},{"start":{"line":38,"column":2},"end":{"line":38,"column":59}}],"line":38},"4":{"loc":{"start":{"line":46,"column":2},"end":{"line":46,"column":59}},"type":"if","locations":[{"start":{"line":46,"column":2},"end":{"line":46,"column":59}},{"start":{"line":46,"column":2},"end":{"line":46,"column":59}}],"line":46}},"s":{"0":3,"1":3,"2":3,"3":3,"4":3,"5":3,"6":3,"7":1,"8":1,"9":3,"10":5,"11":5,"12":2,"13":3,"14":3,"15":3,"16":3,"17":4,"18":4,"19":2,"20":2,"21":2,"22":1,"23":1,"24":3,"25":2,"26":2,"27":1,"28":1,"29":3,"30":0,"31":0,"32":0,"33":0,"34":3},"f":{"0":1,"1":5,"2":4,"3":2,"4":0},"b":{"0":[2,3],"1":[2,2],"2":[1,1],"3":[1,1],"4":[0,0]},"_coverageSchema":"1a1c01bbd47fc00a2c39e90264f33305004495a9","hash":"c9fed177ede93ea7cf8ea13a964c95a9d5d45a8d"}
,"C:\\Users\\mdmud\\Desktop\\NodeJS\\routes\\movies.js": {"path":"C:\\Users\\mdmud\\Desktop\\NodeJS\\routes\\movies.js","statementMap":{"0":{"start":{"line":1,"column":28},"end":{"line":1,"column":54}},"1":{"start":{"line":2,"column":16},"end":{"line":2,"column":42}},"2":{"start":{"line":3,"column":17},"end":{"line":3,"column":36}},"3":{"start":{"line":4,"column":16},"end":{"line":4,"column":34}},"4":{"start":{"line":5,"column":15},"end":{"line":5,"column":31}},"5":{"start":{"line":7,"column":0},"end":{"line":10,"column":3}},"6":{"start":{"line":8,"column":19},"end":{"line":8,"column":50}},"7":{"start":{"line":9,"column":4},"end":{"line":9,"column":21}},"8":{"start":{"line":12,"column":0},"end":{"line":31,"column":3}},"9":{"start":{"line":13,"column":22},"end":{"line":13,"column":40}},"10":{"start":{"line":14,"column":4},"end":{"line":14,"column":68}},"11":{"start":{"line":14,"column":14},"end":{"line":14,"column":68}},"12":{"start":{"line":16,"column":18},"end":{"line":16,"column":56}},"13":{"start":{"line":17,"column":4},"end":{"line":17,"column":62}},"14":{"start":{"line":17,"column":15},"end":{"line":17,"column":62}},"15":{"start":{"line":19,"column":16},"end":{"line":27,"column":6}},"16":{"start":{"line":29,"column":4},"end":{"line":29,"column":31}},"17":{"start":{"line":30,"column":4},"end":{"line":30,"column":20}},"18":{"start":{"line":33,"column":0},"end":{"line":47,"column":5}},"19":{"start":{"line":34,"column":22},"end":{"line":34,"column":40}},"20":{"start":{"line":35,"column":4},"end":{"line":35,"column":69}},"21":{"start":{"line":35,"column":15},"end":{"line":35,"column":69}},"22":{"start":{"line":37,"column":18},"end":{"line":42,"column":21}},"23":{"start":{"line":44,"column":4},"end":{"line":44,"column":60}},"24":{"start":{"line":44,"column":16},"end":{"line":44,"column":60}},"25":{"start":{"line":46,"column":4},"end":{"line":46,"column":20}},"26":{"start":{"line":49,"column":2},"end":{"line":55,"column":5}},"27":{"start":{"line":50,"column":18},"end":{"line":50,"column":53}},"28":{"start":{"line":52,"column":4},"end":{"line":52,"column":60}},"29":{"start":{"line":52,"column":16},"end":{"line":52,"column":60}},"30":{"start":{"line":54,"column":4},"end":{"line":54,"column":20}},"31":{"start":{"line":57,"column":2},"end":{"line":63,"column":5}},"32":{"start":{"line":58,"column":18},"end":{"line":58,"column":62}},"33":{"start":{"line":60,"column":4},"end":{"line":60,"column":60}},"34":{"start":{"line":60,"column":16},"end":{"line":60,"column":60}},"35":{"start":{"line":62,"column":4},"end":{"line":62,"column":20}},"36":{"start":{"line":66,"column":2},"end":{"line":66,"column":26}}},"fnMap":{"0":{"name":"(anonymous_0)","decl":{"start":{"line":7,"column":16},"end":{"line":7,"column":17}},"loc":{"start":{"line":7,"column":37},"end":{"line":10,"column":1}},"line":7},"1":{"name":"(anonymous_1)","decl":{"start":{"line":12,"column":17},"end":{"line":12,"column":18}},"loc":{"start":{"line":12,"column":36},"end":{"line":31,"column":1}},"line":12},"2":{"name":"(anonymous_2)","decl":{"start":{"line":33,"column":19},"end":{"line":33,"column":20}},"loc":{"start":{"line":33,"column":39},"end":{"line":47,"column":3}},"line":33},"3":{"name":"(anonymous_3)","decl":{"start":{"line":49,"column":21},"end":{"line":49,"column":22}},"loc":{"start":{"line":49,"column":41},"end":{"line":55,"column":3}},"line":49},"4":{"name":"(anonymous_4)","decl":{"start":{"line":57,"column":24},"end":{"line":57,"column":25}},"loc":{"start":{"line":57,"column":44},"end":{"line":63,"column":3}},"line":57}},"branchMap":{"0":{"loc":{"start":{"line":14,"column":4},"end":{"line":14,"column":68}},"type":"if","locations":[{"start":{"line":14,"column":4},"end":{"line":14,"column":68}},{"start":{"line":14,"column":4},"end":{"line":14,"column":68}}],"line":14},"1":{"loc":{"start":{"line":17,"column":4},"end":{"line":17,"column":62}},"type":"if","locations":[{"start":{"line":17,"column":4},"end":{"line":17,"column":62}},{"start":{"line":17,"column":4},"end":{"line":17,"column":62}}],"line":17},"2":{"loc":{"start":{"line":35,"column":4},"end":{"line":35,"column":69}},"type":"if","locations":[{"start":{"line":35,"column":4},"end":{"line":35,"column":69}},{"start":{"line":35,"column":4},"end":{"line":35,"column":69}}],"line":35},"3":{"loc":{"start":{"line":44,"column":4},"end":{"line":44,"column":60}},"type":"if","locations":[{"start":{"line":44,"column":4},"end":{"line":44,"column":60}},{"start":{"line":44,"column":4},"end":{"line":44,"column":60}}],"line":44},"4":{"loc":{"start":{"line":52,"column":4},"end":{"line":52,"column":60}},"type":"if","locations":[{"start":{"line":52,"column":4},"end":{"line":52,"column":60}},{"start":{"line":52,"column":4},"end":{"line":52,"column":60}}],"line":52},"5":{"loc":{"start":{"line":60,"column":4},"end":{"line":60,"column":60}},"type":"if","locations":[{"start":{"line":60,"column":4},"end":{"line":60,"column":60}},{"start":{"line":60,"column":4},"end":{"line":60,"column":60}}],"line":60}},"s":{"0":3,"1":3,"2":3,"3":3,"4":3,"5":3,"6":0,"7":0,"8":3,"9":0,"10":0,"11":0,"12":0,"13":0,"14":0,"15":0,"16":0,"17":0,"18":3,"19":0,"20":0,"21":0,"22":0,"23":0,"24":0,"25":0,"26":3,"27":0,"28":0,"29":0,"30":0,"31":3,"32":0,"33":0,"34":0,"35":0,"36":3},"f":{"0":0,"1":0,"2":0,"3":0,"4":0},"b":{"0":[0,0],"1":[0,0],"2":[0,0],"3":[0,0],"4":[0,0],"5":[0,0]},"_coverageSchema":"1a1c01bbd47fc00a2c39e90264f33305004495a9","hash":"26c6362561e01a157f83167c30ac84306d08a01c"}
,"C:\\Users\\mdmud\\Desktop\\NodeJS\\routes\\rentals.js": {"path":"C:\\Users\\mdmud\\Desktop\\NodeJS\\routes\\rentals.js","statementMap":{"0":{"start":{"line":1,"column":30},"end":{"line":1,"column":57}},"1":{"start":{"line":2,"column":18},"end":{"line":2,"column":44}},"2":{"start":{"line":3,"column":21},"end":{"line":3,"column":50}},"3":{"start":{"line":4,"column":13},"end":{"line":4,"column":28}},"4":{"start":{"line":5,"column":17},"end":{"line":5,"column":36}},"5":{"start":{"line":6,"column":16},"end":{"line":6,"column":34}},"6":{"start":{"line":7,"column":15},"end":{"line":7,"column":31}},"7":{"start":{"line":9,"column":0},"end":{"line":9,"column":20}},"8":{"start":{"line":11,"column":0},"end":{"line":14,"column":3}},"9":{"start":{"line":12,"column":20},"end":{"line":12,"column":58}},"10":{"start":{"line":13,"column":4},"end":{"line":13,"column":22}},"11":{"start":{"line":16,"column":0},"end":{"line":54,"column":3}},"12":{"start":{"line":17,"column":22},"end":{"line":17,"column":40}},"13":{"start":{"line":18,"column":4},"end":{"line":18,"column":68}},"14":{"start":{"line":18,"column":14},"end":{"line":18,"column":68}},"15":{"start":{"line":20,"column":21},"end":{"line":20,"column":65}},"16":{"start":{"line":21,"column":4},"end":{"line":21,"column":68}},"17":{"start":{"line":21,"column":18},"end":{"line":21,"column":68}},"18":{"start":{"line":23,"column":18},"end":{"line":23,"column":56}},"19":{"start":{"line":24,"column":4},"end":{"line":24,"column":62}},"20":{"start":{"line":24,"column":15},"end":{"line":24,"column":62}},"21":{"start":{"line":26,"column":4},"end":{"line":26,"column":84}},"22":{"start":{"line":26,"column":34},"end":{"line":26,"column":84}},"23":{"start":{"line":28,"column":17},"end":{"line":39,"column":6}},"24":{"start":{"line":41,"column":4},"end":{"line":51,"column":5}},"25":{"start":{"line":42,"column":8},"end":{"line":47,"column":15}},"26":{"start":{"line":48,"column":4},"end":{"line":48,"column":21}},"27":{"start":{"line":50,"column":8},"end":{"line":50,"column":51}},"28":{"start":{"line":56,"column":0},"end":{"line":82,"column":5}},"29":{"start":{"line":57,"column":22},"end":{"line":57,"column":40}},"30":{"start":{"line":58,"column":4},"end":{"line":58,"column":69}},"31":{"start":{"line":58,"column":15},"end":{"line":58,"column":69}},"32":{"start":{"line":60,"column":21},"end":{"line":60,"column":65}},"33":{"start":{"line":61,"column":4},"end":{"line":61,"column":68}},"34":{"start":{"line":61,"column":18},"end":{"line":61,"column":68}},"35":{"start":{"line":63,"column":18},"end":{"line":63,"column":56}},"36":{"start":{"line":64,"column":4},"end":{"line":64,"column":62}},"37":{"start":{"line":64,"column":15},"end":{"line":64,"column":62}},"38":{"start":{"line":66,"column":19},"end":{"line":77,"column":21}},"39":{"start":{"line":79,"column":4},"end":{"line":79,"column":61}},"40":{"start":{"line":79,"column":17},"end":{"line":79,"column":61}},"41":{"start":{"line":81,"column":4},"end":{"line":81,"column":21}},"42":{"start":{"line":84,"column":2},"end":{"line":90,"column":5}},"43":{"start":{"line":85,"column":19},"end":{"line":85,"column":55}},"44":{"start":{"line":87,"column":4},"end":{"line":87,"column":61}},"45":{"start":{"line":87,"column":17},"end":{"line":87,"column":61}},"46":{"start":{"line":89,"column":4},"end":{"line":89,"column":21}},"47":{"start":{"line":92,"column":2},"end":{"line":98,"column":5}},"48":{"start":{"line":93,"column":19},"end":{"line":93,"column":64}},"49":{"start":{"line":95,"column":4},"end":{"line":95,"column":61}},"50":{"start":{"line":95,"column":17},"end":{"line":95,"column":61}},"51":{"start":{"line":97,"column":4},"end":{"line":97,"column":21}},"52":{"start":{"line":101,"column":2},"end":{"line":101,"column":26}}},"fnMap":{"0":{"name":"(anonymous_0)","decl":{"start":{"line":11,"column":16},"end":{"line":11,"column":17}},"loc":{"start":{"line":11,"column":37},"end":{"line":14,"column":1}},"line":11},"1":{"name":"(anonymous_1)","decl":{"start":{"line":16,"column":17},"end":{"line":16,"column":18}},"loc":{"start":{"line":16,"column":36},"end":{"line":54,"column":1}},"line":16},"2":{"name":"(anonymous_2)","decl":{"start":{"line":56,"column":19},"end":{"line":56,"column":20}},"loc":{"start":{"line":56,"column":39},"end":{"line":82,"column":3}},"line":56},"3":{"name":"(anonymous_3)","decl":{"start":{"line":84,"column":21},"end":{"line":84,"column":22}},"loc":{"start":{"line":84,"column":41},"end":{"line":90,"column":3}},"line":84},"4":{"name":"(anonymous_4)","decl":{"start":{"line":92,"column":24},"end":{"line":92,"column":25}},"loc":{"start":{"line":92,"column":44},"end":{"line":98,"column":3}},"line":92}},"branchMap":{"0":{"loc":{"start":{"line":18,"column":4},"end":{"line":18,"column":68}},"type":"if","locations":[{"start":{"line":18,"column":4},"end":{"line":18,"column":68}},{"start":{"line":18,"column":4},"end":{"line":18,"column":68}}],"line":18},"1":{"loc":{"start":{"line":21,"column":4},"end":{"line":21,"column":68}},"type":"if","locations":[{"start":{"line":21,"column":4},"end":{"line":21,"column":68}},{"start":{"line":21,"column":4},"end":{"line":21,"column":68}}],"line":21},"2":{"loc":{"start":{"line":24,"column":4},"end":{"line":24,"column":62}},"type":"if","locations":[{"start":{"line":24,"column":4},"end":{"line":24,"column":62}},{"start":{"line":24,"column":4},"end":{"line":24,"column":62}}],"line":24},"3":{"loc":{"start":{"line":26,"column":4},"end":{"line":26,"column":84}},"type":"if","locations":[{"start":{"line":26,"column":4},"end":{"line":26,"column":84}},{"start":{"line":26,"column":4},"end":{"line":26,"column":84}}],"line":26},"4":{"loc":{"start":{"line":58,"column":4},"end":{"line":58,"column":69}},"type":"if","locations":[{"start":{"line":58,"column":4},"end":{"line":58,"column":69}},{"start":{"line":58,"column":4},"end":{"line":58,"column":69}}],"line":58},"5":{"loc":{"start":{"line":61,"column":4},"end":{"line":61,"column":68}},"type":"if","locations":[{"start":{"line":61,"column":4},"end":{"line":61,"column":68}},{"start":{"line":61,"column":4},"end":{"line":61,"column":68}}],"line":61},"6":{"loc":{"start":{"line":64,"column":4},"end":{"line":64,"column":62}},"type":"if","locations":[{"start":{"line":64,"column":4},"end":{"line":64,"column":62}},{"start":{"line":64,"column":4},"end":{"line":64,"column":62}}],"line":64},"7":{"loc":{"start":{"line":79,"column":4},"end":{"line":79,"column":61}},"type":"if","locations":[{"start":{"line":79,"column":4},"end":{"line":79,"column":61}},{"start":{"line":79,"column":4},"end":{"line":79,"column":61}}],"line":79},"8":{"loc":{"start":{"line":87,"column":4},"end":{"line":87,"column":61}},"type":"if","locations":[{"start":{"line":87,"column":4},"end":{"line":87,"column":61}},{"start":{"line":87,"column":4},"end":{"line":87,"column":61}}],"line":87},"9":{"loc":{"start":{"line":95,"column":4},"end":{"line":95,"column":61}},"type":"if","locations":[{"start":{"line":95,"column":4},"end":{"line":95,"column":61}},{"start":{"line":95,"column":4},"end":{"line":95,"column":61}}],"line":95}},"s":{"0":3,"1":3,"2":3,"3":3,"4":3,"5":3,"6":3,"7":3,"8":3,"9":0,"10":0,"11":3,"12":0,"13":0,"14":0,"15":0,"16":0,"17":0,"18":0,"19":0,"20":0,"21":0,"22":0,"23":0,"24":0,"25":0,"26":0,"27":0,"28":3,"29":0,"30":0,"31":0,"32":0,"33":0,"34":0,"35":0,"36":0,"37":0,"38":0,"39":0,"40":0,"41":0,"42":3,"43":0,"44":0,"45":0,"46":0,"47":3,"48":0,"49":0,"50":0,"51":0,"52":3},"f":{"0":0,"1":0,"2":0,"3":0,"4":0},"b":{"0":[0,0],"1":[0,0],"2":[0,0],"3":[0,0],"4":[0,0],"5":[0,0],"6":[0,0],"7":[0,0],"8":[0,0],"9":[0,0]},"_coverageSchema":"1a1c01bbd47fc00a2c39e90264f33305004495a9","hash":"3ee0e4cc407a573cd5c299bc0877f69d4ea608d3"}
,"C:\\Users\\mdmud\\Desktop\\NodeJS\\routes\\returns.js": {"path":"C:\\Users\\mdmud\\Desktop\\NodeJS\\routes\\returns.js","statementMap":{"0":{"start":{"line":1,"column":16},"end":{"line":1,"column":34}},"1":{"start":{"line":2,"column":12},"end":{"line":2,"column":32}},"2":{"start":{"line":3,"column":19},"end":{"line":3,"column":46}},"3":{"start":{"line":4,"column":13},"end":{"line":4,"column":42}},"4":{"start":{"line":5,"column":15},"end":{"line":5,"column":32}},"5":{"start":{"line":6,"column":15},"end":{"line":6,"column":31}},"6":{"start":{"line":7,"column":17},"end":{"line":7,"column":50}},"7":{"start":{"line":9,"column":0},"end":{"line":20,"column":3}},"8":{"start":{"line":10,"column":19},"end":{"line":10,"column":77}},"9":{"start":{"line":12,"column":4},"end":{"line":12,"column":64}},"10":{"start":{"line":12,"column":16},"end":{"line":12,"column":64}},"11":{"start":{"line":14,"column":4},"end":{"line":14,"column":78}},"12":{"start":{"line":14,"column":28},"end":{"line":14,"column":78}},"13":{"start":{"line":16,"column":4},"end":{"line":16,"column":20}},"14":{"start":{"line":17,"column":4},"end":{"line":17,"column":24}},"15":{"start":{"line":19,"column":4},"end":{"line":19,"column":40}},"16":{"start":{"line":23,"column":19},"end":{"line":26,"column":6}},"17":{"start":{"line":27,"column":4},"end":{"line":27,"column":32}},"18":{"start":{"line":30,"column":0},"end":{"line":30,"column":24}}},"fnMap":{"0":{"name":"(anonymous_0)","decl":{"start":{"line":9,"column":51},"end":{"line":9,"column":52}},"loc":{"start":{"line":9,"column":71},"end":{"line":20,"column":1}},"line":9},"1":{"name":"validateReturn","decl":{"start":{"line":22,"column":9},"end":{"line":22,"column":23}},"loc":{"start":{"line":22,"column":29},"end":{"line":28,"column":3}},"line":22}},"branchMap":{"0":{"loc":{"start":{"line":12,"column":4},"end":{"line":12,"column":64}},"type":"if","locations":[{"start":{"line":12,"column":4},"end":{"line":12,"column":64}},{"start":{"line":12,"column":4},"end":{"line":12,"column":64}}],"line":12},"1":{"loc":{"start":{"line":14,"column":4},"end":{"line":14,"column":78}},"type":"if","locations":[{"start":{"line":14,"column":4},"end":{"line":14,"column":78}},{"start":{"line":14,"column":4},"end":{"line":14,"column":78}}],"line":14}},"s":{"0":3,"1":3,"2":3,"3":3,"4":3,"5":3,"6":3,"7":3,"8":6,"9":6,"10":1,"11":5,"12":1,"13":4,"14":4,"15":4,"16":8,"17":8,"18":3},"f":{"0":6,"1":8},"b":{"0":[1,5],"1":[1,4]},"_coverageSchema":"1a1c01bbd47fc00a2c39e90264f33305004495a9","hash":"5b2189bf4aecb15dc70d8cc1168b49fb02d07ff3"}
,"C:\\Users\\mdmud\\Desktop\\NodeJS\\routes\\users.js": {"path":"C:\\Users\\mdmud\\Desktop\\NodeJS\\routes\\users.js","statementMap":{"0":{"start":{"line":1,"column":10},"end":{"line":1,"column":27}},"1":{"start":{"line":2,"column":15},"end":{"line":2,"column":32}},"2":{"start":{"line":3,"column":28},"end":{"line":3,"column":53}},"3":{"start":{"line":4,"column":17},"end":{"line":4,"column":36}},"4":{"start":{"line":5,"column":16},"end":{"line":5,"column":34}},"5":{"start":{"line":6,"column":13},"end":{"line":6,"column":42}},"6":{"start":{"line":7,"column":15},"end":{"line":7,"column":31}},"7":{"start":{"line":9,"column":0},"end":{"line":12,"column":3}},"8":{"start":{"line":10,"column":17},"end":{"line":10,"column":70}},"9":{"start":{"line":11,"column":4},"end":{"line":11,"column":19}},"10":{"start":{"line":14,"column":0},"end":{"line":29,"column":3}},"11":{"start":{"line":15,"column":22},"end":{"line":15,"column":40}},"12":{"start":{"line":16,"column":4},"end":{"line":16,"column":68}},"13":{"start":{"line":16,"column":14},"end":{"line":16,"column":68}},"14":{"start":{"line":18,"column":15},"end":{"line":18,"column":60}},"15":{"start":{"line":19,"column":4},"end":{"line":19,"column":66}},"16":{"start":{"line":19,"column":13},"end":{"line":19,"column":66}},"17":{"start":{"line":21,"column":4},"end":{"line":21,"column":68}},"18":{"start":{"line":22,"column":17},"end":{"line":22,"column":41}},"19":{"start":{"line":23,"column":4},"end":{"line":23,"column":60}},"20":{"start":{"line":25,"column":4},"end":{"line":25,"column":22}},"21":{"start":{"line":27,"column":18},"end":{"line":27,"column":42}},"22":{"start":{"line":28,"column":4},"end":{"line":28,"column":78}},"23":{"start":{"line":31,"column":0},"end":{"line":31,"column":24}}},"fnMap":{"0":{"name":"(anonymous_0)","decl":{"start":{"line":9,"column":25},"end":{"line":9,"column":26}},"loc":{"start":{"line":9,"column":45},"end":{"line":12,"column":1}},"line":9},"1":{"name":"(anonymous_1)","decl":{"start":{"line":14,"column":17},"end":{"line":14,"column":18}},"loc":{"start":{"line":14,"column":38},"end":{"line":29,"column":1}},"line":14}},"branchMap":{"0":{"loc":{"start":{"line":16,"column":4},"end":{"line":16,"column":68}},"type":"if","locations":[{"start":{"line":16,"column":4},"end":{"line":16,"column":68}},{"start":{"line":16,"column":4},"end":{"line":16,"column":68}}],"line":16},"1":{"loc":{"start":{"line":19,"column":4},"end":{"line":19,"column":66}},"type":"if","locations":[{"start":{"line":19,"column":4},"end":{"line":19,"column":66}},{"start":{"line":19,"column":4},"end":{"line":19,"column":66}}],"line":19}},"s":{"0":3,"1":3,"2":3,"3":3,"4":3,"5":3,"6":3,"7":3,"8":0,"9":0,"10":3,"11":0,"12":0,"13":0,"14":0,"15":0,"16":0,"17":0,"18":0,"19":0,"20":0,"21":0,"22":0,"23":3},"f":{"0":0,"1":0},"b":{"0":[0,0],"1":[0,0]},"_coverageSchema":"1a1c01bbd47fc00a2c39e90264f33305004495a9","hash":"1ce0396dd16ee026353f722579c06c2a19774169"}
,"C:\\Users\\mdmud\\Desktop\\NodeJS\\startups\\config.js": {"path":"C:\\Users\\mdmud\\Desktop\\NodeJS\\startups\\config.js","statementMap":{"0":{"start":{"line":1,"column":15},"end":{"line":1,"column":32}},"1":{"start":{"line":3,"column":0},"end":{"line":8,"column":1}},"2":{"start":{"line":4,"column":4},"end":{"line":7,"column":5}},"3":{"start":{"line":5,"column":8},"end":{"line":5,"column":64}},"4":{"start":{"line":6,"column":8},"end":{"line":6,"column":24}}},"fnMap":{"0":{"name":"(anonymous_0)","decl":{"start":{"line":3,"column":17},"end":{"line":3,"column":18}},"loc":{"start":{"line":3,"column":29},"end":{"line":8,"column":1}},"line":3}},"branchMap":{"0":{"loc":{"start":{"line":4,"column":4},"end":{"line":7,"column":5}},"type":"if","locations":[{"start":{"line":4,"column":4},"end":{"line":7,"column":5}},{"start":{"line":4,"column":4},"end":{"line":7,"column":5}}],"line":4}},"s":{"0":3,"1":3,"2":3,"3":0,"4":0},"f":{"0":3},"b":{"0":[0,3]},"_coverageSchema":"1a1c01bbd47fc00a2c39e90264f33305004495a9","hash":"1cda0777baad8fafda97302bebe0720e72d504e9"}
,"C:\\Users\\mdmud\\Desktop\\NodeJS\\startups\\db.js": {"path":"C:\\Users\\mdmud\\Desktop\\NodeJS\\startups\\db.js","statementMap":{"0":{"start":{"line":1,"column":16},"end":{"line":1,"column":34}},"1":{"start":{"line":2,"column":17},"end":{"line":2,"column":36}},"2":{"start":{"line":3,"column":15},"end":{"line":3,"column":32}},"3":{"start":{"line":5,"column":0},"end":{"line":13,"column":1}},"4":{"start":{"line":6,"column":4},"end":{"line":6,"column":42}},"5":{"start":{"line":7,"column":4},"end":{"line":7,"column":44}},"6":{"start":{"line":8,"column":4},"end":{"line":8,"column":41}},"7":{"start":{"line":9,"column":4},"end":{"line":9,"column":45}},"8":{"start":{"line":10,"column":15},"end":{"line":10,"column":31}},"9":{"start":{"line":11,"column":4},"end":{"line":12,"column":59}},"10":{"start":{"line":12,"column":20},"end":{"line":12,"column":57}}},"fnMap":{"0":{"name":"(anonymous_0)","decl":{"start":{"line":5,"column":17},"end":{"line":5,"column":18}},"loc":{"start":{"line":5,"column":29},"end":{"line":13,"column":1}},"line":5},"1":{"name":"(anonymous_1)","decl":{"start":{"line":12,"column":14},"end":{"line":12,"column":15}},"loc":{"start":{"line":12,"column":20},"end":{"line":12,"column":57}},"line":12}},"branchMap":{},"s":{"0":3,"1":3,"2":3,"3":3,"4":3,"5":3,"6":3,"7":3,"8":3,"9":3,"10":3},"f":{"0":3,"1":3},"b":{},"_coverageSchema":"1a1c01bbd47fc00a2c39e90264f33305004495a9","hash":"a5e3dfd1c6e15e3648d052cc260e6d73aabaea48"}
,"C:\\Users\\mdmud\\Desktop\\NodeJS\\startups\\logging.js": {"path":"C:\\Users\\mdmud\\Desktop\\NodeJS\\startups\\logging.js","statementMap":{"0":{"start":{"line":1,"column":17},"end":{"line":1,"column":35}},"1":{"start":{"line":2,"column":0},"end":{"line":2,"column":27}},"2":{"start":{"line":3,"column":0},"end":{"line":3,"column":32}},"3":{"start":{"line":6,"column":0},"end":{"line":18,"column":1}},"4":{"start":{"line":7,"column":4},"end":{"line":10,"column":10}},"5":{"start":{"line":12,"column":4},"end":{"line":14,"column":6}},"6":{"start":{"line":13,"column":8},"end":{"line":13,"column":17}},"7":{"start":{"line":16,"column":4},"end":{"line":16,"column":74}},"8":{"start":{"line":17,"column":4},"end":{"line":17,"column":102}}},"fnMap":{"0":{"name":"(anonymous_0)","decl":{"start":{"line":6,"column":17},"end":{"line":6,"column":18}},"loc":{"start":{"line":6,"column":29},"end":{"line":18,"column":1}},"line":6},"1":{"name":"(anonymous_1)","decl":{"start":{"line":12,"column":37},"end":{"line":12,"column":38}},"loc":{"start":{"line":12,"column":45},"end":{"line":14,"column":5}},"line":12}},"branchMap":{},"s":{"0":3,"1":3,"2":3,"3":3,"4":3,"5":3,"6":0,"7":3,"8":3},"f":{"0":3,"1":0},"b":{},"_coverageSchema":"1a1c01bbd47fc00a2c39e90264f33305004495a9","hash":"0f43f406fe0126ef3324dea8f3536a25049c7cba"}
,"C:\\Users\\mdmud\\Desktop\\NodeJS\\startups\\routes.js": {"path":"C:\\Users\\mdmud\\Desktop\\NodeJS\\startups\\routes.js","statementMap":{"0":{"start":{"line":1,"column":16},"end":{"line":1,"column":34}},"1":{"start":{"line":2,"column":14},"end":{"line":2,"column":44}},"2":{"start":{"line":3,"column":16},"end":{"line":3,"column":44}},"3":{"start":{"line":4,"column":18},"end":{"line":4,"column":48}},"4":{"start":{"line":5,"column":15},"end":{"line":5,"column":42}},"5":{"start":{"line":6,"column":16},"end":{"line":6,"column":44}},"6":{"start":{"line":7,"column":14},"end":{"line":7,"column":40}},"7":{"start":{"line":8,"column":13},"end":{"line":8,"column":38}},"8":{"start":{"line":9,"column":16},"end":{"line":9,"column":44}},"9":{"start":{"line":11,"column":0},"end":{"line":21,"column":1}},"10":{"start":{"line":12,"column":4},"end":{"line":12,"column":28}},"11":{"start":{"line":13,"column":4},"end":{"line":13,"column":37}},"12":{"start":{"line":14,"column":4},"end":{"line":14,"column":41}},"13":{"start":{"line":15,"column":4},"end":{"line":15,"column":34}},"14":{"start":{"line":16,"column":4},"end":{"line":16,"column":36}},"15":{"start":{"line":17,"column":4},"end":{"line":17,"column":33}},"16":{"start":{"line":18,"column":4},"end":{"line":18,"column":30}},"17":{"start":{"line":19,"column":4},"end":{"line":19,"column":37}},"18":{"start":{"line":20,"column":4},"end":{"line":20,"column":19}}},"fnMap":{"0":{"name":"(anonymous_0)","decl":{"start":{"line":11,"column":17},"end":{"line":11,"column":18}},"loc":{"start":{"line":11,"column":32},"end":{"line":21,"column":1}},"line":11}},"branchMap":{},"s":{"0":3,"1":3,"2":3,"3":3,"4":3,"5":3,"6":3,"7":3,"8":3,"9":3,"10":3,"11":3,"12":3,"13":3,"14":3,"15":3,"16":3,"17":3,"18":3},"f":{"0":3},"b":{},"_coverageSchema":"1a1c01bbd47fc00a2c39e90264f33305004495a9","hash":"1ee17eb47b7ec0dbef2b8bdc91f202a55416c4cd"}
,"C:\\Users\\mdmud\\Desktop\\NodeJS\\startups\\validation.js": {"path":"C:\\Users\\mdmud\\Desktop\\NodeJS\\startups\\validation.js","statementMap":{"0":{"start":{"line":1,"column":12},"end":{"line":1,"column":32}},"1":{"start":{"line":3,"column":0},"end":{"line":5,"column":1}},"2":{"start":{"line":4,"column":4},"end":{"line":4,"column":48}}},"fnMap":{"0":{"name":"(anonymous_0)","decl":{"start":{"line":3,"column":17},"end":{"line":3,"column":18}},"loc":{"start":{"line":3,"column":29},"end":{"line":5,"column":1}},"line":3}},"branchMap":{},"s":{"0":3,"1":3,"2":3},"f":{"0":3},"b":{},"_coverageSchema":"1a1c01bbd47fc00a2c39e90264f33305004495a9","hash":"6de251a7cad74f4ce66ffabda07d1f388547015e"}
}
