TN:
SF:index.js
FN:13,(anonymous_0)
FNF:1
FNH:1
FNDA:3,(anonymous_0)
DA:1,3
DA:2,3
DA:3,3
DA:5,3
DA:6,3
DA:7,3
DA:8,3
DA:9,3
DA:11,3
DA:13,3
DA:15,3
LF:11
LH:11
BRDA:11,0,0,3
BRDA:11,0,1,3
BRF:2
BRH:2
end_of_record
TN:
SF:middleware\admin.js
FN:1,(anonymous_0)
FNF:1
FNH:1
FNDA:1,(anonymous_0)
DA:1,3
DA:2,1
DA:3,0
LF:3
LH:2
BRDA:2,0,0,1
BRDA:2,0,1,0
BRF:2
BRH:1
end_of_record
TN:
SF:middleware\auth.js
FN:4,(anonymous_0)
FNF:1
FNH:1
FNDA:19,(anonymous_0)
DA:1,3
DA:2,3
DA:4,3
DA:5,19
DA:6,19
DA:8,15
DA:9,15
DA:10,14
DA:11,14
DA:13,1
LF:10
LH:10
BRDA:6,0,0,4
BRDA:6,0,1,15
BRF:2
BRH:2
end_of_record
TN:
SF:middleware\error.js
FN:3,(anonymous_0)
FNF:1
FNH:1
FNDA:1,(anonymous_0)
DA:1,3
DA:3,3
DA:4,1
DA:5,1
LF:4
LH:4
BRF:0
BRH:0
end_of_record
TN:
SF:middleware\validate.js
FN:3,(anonymous_0)
FN:4,(anonymous_1)
FNF:2
FNH:2
FNDA:6,(anonymous_0)
FNDA:9,(anonymous_1)
DA:3,3
DA:4,6
DA:5,9
DA:6,9
DA:7,6
LF:5
LH:5
BRDA:6,0,0,3
BRDA:6,0,1,6
BRF:2
BRH:2
end_of_record
TN:
SF:middleware\validateObjectId.js
FN:3,(anonymous_0)
FNF:1
FNH:1
FNDA:3,(anonymous_0)
DA:1,3
DA:3,3
DA:4,3
DA:5,2
LF:4
LH:4
BRDA:4,0,0,1
BRDA:4,0,1,2
BRF:2
BRH:2
end_of_record
TN:
SF:models\Movie.js
FN:33,validate
FNF:1
FNH:0
FNDA:0,validate
DA:1,3
DA:2,3
DA:4,3
DA:5,3
DA:7,3
DA:34,0
DA:40,0
DA:43,3
DA:44,3
LF:9
LH:7
BRF:0
BRH:0
end_of_record
TN:
SF:models\customer.js
FN:27,validate
FNF:1
FNH:0
FNDA:0,validate
DA:1,3
DA:2,3
DA:5,3
DA:25,3
DA:28,0
DA:32,0
DA:35,3
DA:36,3
LF:8
LH:6
BRF:0
BRH:0
end_of_record
TN:
SF:models\genre.js
FN:15,validate
FNF:1
FNH:1
FNDA:9,validate
DA:1,3
DA:2,3
DA:4,3
DA:13,3
DA:16,9
DA:19,9
DA:22,3
DA:23,3
DA:24,3
LF:9
LH:9
BRF:0
BRH:0
end_of_record
TN:
SF:models\rental.js
FN:59,(anonymous_0)
FN:66,(anonymous_1)
FN:74,validate
FNF:3
FNH:2
FNDA:6,(anonymous_0)
FNDA:4,(anonymous_1)
FNDA:0,validate
DA:1,3
DA:2,3
DA:3,3
DA:5,3
DA:59,3
DA:60,6
DA:66,3
DA:67,4
DA:69,4
DA:72,3
DA:75,0
DA:79,0
DA:82,3
DA:83,3
LF:14
LH:12
BRF:0
BRH:0
end_of_record
TN:
SF:models\user.js
FN:29,(anonymous_0)
FN:36,validateUser
FNF:2
FNH:1
FNDA:20,(anonymous_0)
FNDA:0,validateUser
DA:1,4
DA:2,4
DA:3,4
DA:4,4
DA:6,4
DA:29,4
DA:30,20
DA:31,20
DA:34,4
DA:37,0
DA:42,0
DA:47,4
DA:48,4
LF:13
LH:11
BRF:0
BRH:0
end_of_record
TN:
SF:routes\auth.js
FN:9,(anonymous_0)
FN:20,validateAuth
FNF:2
FNH:1
FNDA:0,(anonymous_0)
FNDA:1,validateAuth
DA:1,3
DA:2,3
DA:3,3
DA:4,3
DA:5,3
DA:6,3
DA:7,3
DA:9,3
DA:10,0
DA:11,0
DA:13,0
DA:14,0
DA:16,0
DA:17,0
DA:21,1
DA:25,1
DA:29,3
LF:17
LH:11
BRDA:11,0,0,0
BRDA:11,0,1,0
BRDA:14,1,0,0
BRDA:14,1,1,0
BRF:4
BRH:0
end_of_record
TN:
SF:routes\customers.js
FN:6,(anonymous_0)
FN:11,(anonymous_1)
FN:25,(anonymous_2)
FN:36,(anonymous_3)
FN:44,(anonymous_4)
FNF:5
FNH:0
FNDA:0,(anonymous_0)
FNDA:0,(anonymous_1)
FNDA:0,(anonymous_2)
FNDA:0,(anonymous_3)
FNDA:0,(anonymous_4)
DA:1,3
DA:2,3
DA:3,3
DA:4,3
DA:6,3
DA:7,0
DA:8,0
DA:11,3
DA:12,0
DA:13,0
DA:15,0
DA:20,0
DA:22,0
DA:25,3
DA:26,0
DA:27,0
DA:29,0
DA:31,0
DA:33,0
DA:36,3
DA:37,0
DA:39,0
DA:41,0
DA:44,3
DA:45,0
DA:47,0
DA:49,0
DA:53,3
LF:28
LH:10
BRDA:13,0,0,0
BRDA:13,0,1,0
BRDA:27,1,0,0
BRDA:27,1,1,0
BRDA:31,2,0,0
BRDA:31,2,1,0
BRDA:39,3,0,0
BRDA:39,3,1,0
BRDA:47,4,0,0
BRDA:47,4,1,0
BRF:10
BRH:0
end_of_record
TN:
SF:routes\generes.js
FN:8,(anonymous_0)
FN:14,(anonymous_1)
FN:24,(anonymous_2)
FN:35,(anonymous_3)
FN:43,(anonymous_4)
FNF:5
FNH:4
FNDA:1,(anonymous_0)
FNDA:5,(anonymous_1)
FNDA:4,(anonymous_2)
FNDA:2,(anonymous_3)
FNDA:0,(anonymous_4)
DA:1,3
DA:2,3
DA:3,3
DA:4,3
DA:5,3
DA:6,3
DA:8,3
DA:10,1
DA:11,1
DA:14,3
DA:15,5
DA:16,5
DA:18,3
DA:19,3
DA:21,3
DA:24,3
DA:25,4
DA:26,4
DA:28,2
DA:30,2
DA:32,1
DA:35,3
DA:36,2
DA:38,2
DA:40,1
DA:43,3
DA:44,0
DA:46,0
DA:48,0
DA:52,3
LF:30
LH:27
BRDA:16,0,0,2
BRDA:16,0,1,3
BRDA:26,1,0,2
BRDA:26,1,1,2
BRDA:30,2,0,1
BRDA:30,2,1,1
BRDA:38,3,0,1
BRDA:38,3,1,1
BRDA:46,4,0,0
BRDA:46,4,1,0
BRF:10
BRH:8
end_of_record
TN:
SF:routes\movies.js
FN:7,(anonymous_0)
FN:12,(anonymous_1)
FN:33,(anonymous_2)
FN:49,(anonymous_3)
FN:57,(anonymous_4)
FNF:5
FNH:0
FNDA:0,(anonymous_0)
FNDA:0,(anonymous_1)
FNDA:0,(anonymous_2)
FNDA:0,(anonymous_3)
FNDA:0,(anonymous_4)
DA:1,3
DA:2,3
DA:3,3
DA:4,3
DA:5,3
DA:7,3
DA:8,0
DA:9,0
DA:12,3
DA:13,0
DA:14,0
DA:16,0
DA:17,0
DA:19,0
DA:29,0
DA:30,0
DA:33,3
DA:34,0
DA:35,0
DA:37,0
DA:44,0
DA:46,0
DA:49,3
DA:50,0
DA:52,0
DA:54,0
DA:57,3
DA:58,0
DA:60,0
DA:62,0
DA:66,3
LF:31
LH:11
BRDA:14,0,0,0
BRDA:14,0,1,0
BRDA:17,1,0,0
BRDA:17,1,1,0
BRDA:35,2,0,0
BRDA:35,2,1,0
BRDA:44,3,0,0
BRDA:44,3,1,0
BRDA:52,4,0,0
BRDA:52,4,1,0
BRDA:60,5,0,0
BRDA:60,5,1,0
BRF:12
BRH:0
end_of_record
TN:
SF:routes\rentals.js
FN:11,(anonymous_0)
FN:16,(anonymous_1)
FN:56,(anonymous_2)
FN:84,(anonymous_3)
FN:92,(anonymous_4)
FNF:5
FNH:0
FNDA:0,(anonymous_0)
FNDA:0,(anonymous_1)
FNDA:0,(anonymous_2)
FNDA:0,(anonymous_3)
FNDA:0,(anonymous_4)
DA:1,3
DA:2,3
DA:3,3
DA:4,3
DA:5,3
DA:6,3
DA:7,3
DA:9,3
DA:11,3
DA:12,0
DA:13,0
DA:16,3
DA:17,0
DA:18,0
DA:20,0
DA:21,0
DA:23,0
DA:24,0
DA:26,0
DA:28,0
DA:41,0
DA:42,0
DA:48,0
DA:50,0
DA:56,3
DA:57,0
DA:58,0
DA:60,0
DA:61,0
DA:63,0
DA:64,0
DA:66,0
DA:79,0
DA:81,0
DA:84,3
DA:85,0
DA:87,0
DA:89,0
DA:92,3
DA:93,0
DA:95,0
DA:97,0
DA:101,3
LF:43
LH:14
BRDA:18,0,0,0
BRDA:18,0,1,0
BRDA:21,1,0,0
BRDA:21,1,1,0
BRDA:24,2,0,0
BRDA:24,2,1,0
BRDA:26,3,0,0
BRDA:26,3,1,0
BRDA:58,4,0,0
BRDA:58,4,1,0
BRDA:61,5,0,0
BRDA:61,5,1,0
BRDA:64,6,0,0
BRDA:64,6,1,0
BRDA:79,7,0,0
BRDA:79,7,1,0
BRDA:87,8,0,0
BRDA:87,8,1,0
BRDA:95,9,0,0
BRDA:95,9,1,0
BRF:20
BRH:0
end_of_record
TN:
SF:routes\returns.js
FN:9,(anonymous_0)
FN:22,validateReturn
FNF:2
FNH:2
FNDA:6,(anonymous_0)
FNDA:8,validateReturn
DA:1,3
DA:2,3
DA:3,3
DA:4,3
DA:5,3
DA:6,3
DA:7,3
DA:9,3
DA:10,6
DA:12,6
DA:14,5
DA:16,4
DA:17,4
DA:19,4
DA:23,8
DA:27,8
DA:30,3
LF:17
LH:17
BRDA:12,0,0,1
BRDA:12,0,1,5
BRDA:14,1,0,1
BRDA:14,1,1,4
BRF:4
BRH:4
end_of_record
TN:
SF:routes\users.js
FN:9,(anonymous_0)
FN:14,(anonymous_1)
FNF:2
FNH:0
FNDA:0,(anonymous_0)
FNDA:0,(anonymous_1)
DA:1,3
DA:2,3
DA:3,3
DA:4,3
DA:5,3
DA:6,3
DA:7,3
DA:9,3
DA:10,0
DA:11,0
DA:14,3
DA:15,0
DA:16,0
DA:18,0
DA:19,0
DA:21,0
DA:22,0
DA:23,0
DA:25,0
DA:27,0
DA:28,0
DA:31,3
LF:22
LH:10
BRDA:16,0,0,0
BRDA:16,0,1,0
BRDA:19,1,0,0
BRDA:19,1,1,0
BRF:4
BRH:0
end_of_record
TN:
SF:startups\config.js
FN:3,(anonymous_0)
FNF:1
FNH:1
FNDA:3,(anonymous_0)
DA:1,3
DA:3,3
DA:4,3
DA:5,0
DA:6,0
LF:5
LH:3
BRDA:4,0,0,0
BRDA:4,0,1,3
BRF:2
BRH:1
end_of_record
TN:
SF:startups\db.js
FN:5,(anonymous_0)
FN:12,(anonymous_1)
FNF:2
FNH:2
FNDA:3,(anonymous_0)
FNDA:3,(anonymous_1)
DA:1,3
DA:2,3
DA:3,3
DA:5,3
DA:6,3
DA:7,3
DA:8,3
DA:9,3
DA:10,3
DA:11,3
DA:12,3
LF:11
LH:11
BRF:0
BRH:0
end_of_record
TN:
SF:startups\logging.js
FN:6,(anonymous_0)
FN:12,(anonymous_1)
FNF:2
FNH:1
FNDA:3,(anonymous_0)
FNDA:0,(anonymous_1)
DA:1,3
DA:2,3
DA:3,3
DA:6,3
DA:7,3
DA:12,3
DA:13,0
DA:16,3
DA:17,3
LF:9
LH:8
BRF:0
BRH:0
end_of_record
TN:
SF:startups\routes.js
FN:11,(anonymous_0)
FNF:1
FNH:1
FNDA:3,(anonymous_0)
DA:1,3
DA:2,3
DA:3,3
DA:4,3
DA:5,3
DA:6,3
DA:7,3
DA:8,3
DA:9,3
DA:11,3
DA:12,3
DA:13,3
DA:14,3
DA:15,3
DA:16,3
DA:17,3
DA:18,3
DA:19,3
DA:20,3
LF:19
LH:19
BRF:0
BRH:0
end_of_record
TN:
SF:startups\validation.js
FN:3,(anonymous_0)
FNF:1
FNH:1
FNDA:3,(anonymous_0)
DA:1,3
DA:3,3
DA:4,3
LF:3
LH:3
BRF:0
BRH:0
end_of_record
